{
  "stats": {
    "suites": 1,
    "tests": 5,
    "passes": 5,
    "pending": 0,
    "failures": 0,
    "start": "2023-01-27T13:08:12.631Z",
    "end": "2023-01-27T13:08:46.471Z",
    "duration": 33840,
    "testsRegistered": 5,
    "passPercent": 100,
    "pendingPercent": 0,
    "other": 0,
    "hasOther": false,
    "skipped": 0,
    "hasSkipped": false
  },
  "results": [
    {
      "uuid": "2a7560fe-8e2e-4de4-a79c-f24a91c7a4ee",
      "title": "",
      "fullFile": "cypress/e2e/ID0006-ID0010.feature",
      "file": "cypress/e2e/ID0006-ID0010.feature",
      "beforeHooks": [],
      "afterHooks": [],
      "tests": [],
      "suites": [
        {
          "uuid": "5c9aba3b-80ec-4d57-ab99-2ad8881cb14e",
          "title": "Check \"Blog\" page",
          "fullFile": "",
          "file": "",
          "beforeHooks": [],
          "afterHooks": [],
          "tests": [
            {
              "title": "ID_0006 Verify the search option on the \"Blog\" page with valid data.",
              "fullTitle": "Check \"Blog\" page ID_0006 Verify the search option on the \"Blog\" page with valid data.",
              "timedOut": null,
              "duration": 7162,
              "state": "passed",
              "speed": "medium",
              "pass": true,
              "fail": false,
              "pending": false,
              "context": null,
              "code": "const state = window.testState;\nreturn cy\n  .then(() => state.onStartScenario(scenario, indexedSteps))\n  .then(() =>\n    resolveAndRunBeforeHooks.call(this, scenario.tags, state.feature.name)\n  )\n  .then(() =>\n    indexedSteps.forEach((step) =>\n      stepTest.call(this, state, step, rowData)\n    )\n  )\n  .then(() => state.onFinishScenario(scenario));",
              "err": {},
              "uuid": "dd7afd8b-5817-4e7a-b920-155e9f2f57b0",
              "parentUUID": "5c9aba3b-80ec-4d57-ab99-2ad8881cb14e",
              "isHook": false,
              "skipped": false
            },
            {
              "title": "ID_0007 Verify the search option on the \"Blog\" page with invalid data.",
              "fullTitle": "Check \"Blog\" page ID_0007 Verify the search option on the \"Blog\" page with invalid data.",
              "timedOut": null,
              "duration": 7516,
              "state": "passed",
              "speed": "medium",
              "pass": true,
              "fail": false,
              "pending": false,
              "context": null,
              "code": "const state = window.testState;\nreturn cy\n  .then(() => state.onStartScenario(scenario, indexedSteps))\n  .then(() =>\n    resolveAndRunBeforeHooks.call(this, scenario.tags, state.feature.name)\n  )\n  .then(() =>\n    indexedSteps.forEach((step) =>\n      stepTest.call(this, state, step, rowData)\n    )\n  )\n  .then(() => state.onFinishScenario(scenario));",
              "err": {},
              "uuid": "f98f614d-fc18-48a4-b2a5-7a8c8d8cffa3",
              "parentUUID": "5c9aba3b-80ec-4d57-ab99-2ad8881cb14e",
              "isHook": false,
              "skipped": false
            },
            {
              "title": "ID_0008 Check subscription option on the \"Blog\" page with valid email.",
              "fullTitle": "Check \"Blog\" page ID_0008 Check subscription option on the \"Blog\" page with valid email.",
              "timedOut": null,
              "duration": 5850,
              "state": "passed",
              "speed": "medium",
              "pass": true,
              "fail": false,
              "pending": false,
              "context": null,
              "code": "const state = window.testState;\nreturn cy\n  .then(() => state.onStartScenario(scenario, indexedSteps))\n  .then(() =>\n    resolveAndRunBeforeHooks.call(this, scenario.tags, state.feature.name)\n  )\n  .then(() =>\n    indexedSteps.forEach((step) =>\n      stepTest.call(this, state, step, rowData)\n    )\n  )\n  .then(() => state.onFinishScenario(scenario));",
              "err": {},
              "uuid": "11d114be-7a24-4cfa-bbe5-1472c601e179",
              "parentUUID": "5c9aba3b-80ec-4d57-ab99-2ad8881cb14e",
              "isHook": false,
              "skipped": false
            },
            {
              "title": "ID_0009 Check subscription option on the \"Blog\" page with invalid email.",
              "fullTitle": "Check \"Blog\" page ID_0009 Check subscription option on the \"Blog\" page with invalid email.",
              "timedOut": null,
              "duration": 5077,
              "state": "passed",
              "speed": "medium",
              "pass": true,
              "fail": false,
              "pending": false,
              "context": null,
              "code": "const state = window.testState;\nreturn cy\n  .then(() => state.onStartScenario(scenario, indexedSteps))\n  .then(() =>\n    resolveAndRunBeforeHooks.call(this, scenario.tags, state.feature.name)\n  )\n  .then(() =>\n    indexedSteps.forEach((step) =>\n      stepTest.call(this, state, step, rowData)\n    )\n  )\n  .then(() => state.onFinishScenario(scenario));",
              "err": {},
              "uuid": "1236391b-2162-4d6e-bdff-45a16367c514",
              "parentUUID": "5c9aba3b-80ec-4d57-ab99-2ad8881cb14e",
              "isHook": false,
              "skipped": false
            },
            {
              "title": "ID_00010 Check getting eBook on the \"Blog\" page.",
              "fullTitle": "Check \"Blog\" page ID_00010 Check getting eBook on the \"Blog\" page.",
              "timedOut": null,
              "duration": 4817,
              "state": "passed",
              "speed": "fast",
              "pass": true,
              "fail": false,
              "pending": false,
              "context": null,
              "code": "const state = window.testState;\nreturn cy\n  .then(() => state.onStartScenario(scenario, indexedSteps))\n  .then(() =>\n    resolveAndRunBeforeHooks.call(this, scenario.tags, state.feature.name)\n  )\n  .then(() =>\n    indexedSteps.forEach((step) =>\n      stepTest.call(this, state, step, rowData)\n    )\n  )\n  .then(() => state.onFinishScenario(scenario));",
              "err": {},
              "uuid": "864ccf4e-f5e4-489a-9fb0-516a32fd5977",
              "parentUUID": "5c9aba3b-80ec-4d57-ab99-2ad8881cb14e",
              "isHook": false,
              "skipped": false
            }
          ],
          "suites": [],
          "passes": [
            "dd7afd8b-5817-4e7a-b920-155e9f2f57b0",
            "f98f614d-fc18-48a4-b2a5-7a8c8d8cffa3",
            "11d114be-7a24-4cfa-bbe5-1472c601e179",
            "1236391b-2162-4d6e-bdff-45a16367c514",
            "864ccf4e-f5e4-489a-9fb0-516a32fd5977"
          ],
          "failures": [],
          "pending": [],
          "skipped": [],
          "duration": 30422,
          "root": false,
          "rootEmpty": false,
          "_timeout": 2000
        }
      ],
      "passes": [],
      "failures": [],
      "pending": [],
      "skipped": [],
      "duration": 0,
      "root": true,
      "rootEmpty": true,
      "_timeout": 2000
    }
  ],
  "meta": {
    "mocha": {
      "version": "7.0.1"
    },
    "mochawesome": {
      "options": {
        "quiet": false,
        "reportFilename": "mochawesome",
        "saveHtml": false,
        "saveJson": true,
        "consoleReporter": "spec",
        "useInlineDiffs": false,
        "code": true
      },
      "version": "7.1.3"
    },
    "marge": {
      "options": {
        "html": false,
        "json": true,
        "reportDir": "report",
        "overwrite": false
      },
      "version": "6.2.0"
    }
  }
}