{
  "stats": {
    "suites": 1,
    "tests": 2,
    "passes": 2,
    "pending": 0,
    "failures": 0,
    "start": "2023-01-27T13:09:22.361Z",
    "end": "2023-01-27T13:09:42.494Z",
    "duration": 20133,
    "testsRegistered": 2,
    "passPercent": 100,
    "pendingPercent": 0,
    "other": 0,
    "hasOther": false,
    "skipped": 0,
    "hasSkipped": false
  },
  "results": [
    {
      "uuid": "47e7c38b-94f9-4e41-b434-82b49a71f375",
      "title": "",
      "fullFile": "cypress/e2e/ID0013-ID0014.feature",
      "file": "cypress/e2e/ID0013-ID0014.feature",
      "beforeHooks": [],
      "afterHooks": [],
      "tests": [],
      "suites": [
        {
          "uuid": "85b6aa97-830c-4c79-9ca9-d95ff73a0b65",
          "title": "Check \"Pricing\" menu",
          "fullFile": "",
          "file": "",
          "beforeHooks": [],
          "afterHooks": [],
          "tests": [
            {
              "title": "ID_0013 Check Voice API Pricing after choosing country.",
              "fullTitle": "Check \"Pricing\" menu ID_0013 Check Voice API Pricing after choosing country.",
              "timedOut": null,
              "duration": 7271,
              "state": "passed",
              "speed": "medium",
              "pass": true,
              "fail": false,
              "pending": false,
              "context": null,
              "code": "const state = window.testState;\nreturn cy\n  .then(() => state.onStartScenario(scenario, indexedSteps))\n  .then(() =>\n    resolveAndRunBeforeHooks.call(this, scenario.tags, state.feature.name)\n  )\n  .then(() =>\n    indexedSteps.forEach((step) =>\n      stepTest.call(this, state, step, rowData)\n    )\n  )\n  .then(() => state.onFinishScenario(scenario));",
              "err": {},
              "uuid": "e0c85fdc-bf88-459c-8ea6-0508da13ba1a",
              "parentUUID": "85b6aa97-830c-4c79-9ca9-d95ff73a0b65",
              "isHook": false,
              "skipped": false
            },
            {
              "title": "ID_0014 Check \"Download SIP Trunking pricing\" form.",
              "fullTitle": "Check \"Pricing\" menu ID_0014 Check \"Download SIP Trunking pricing\" form.",
              "timedOut": null,
              "duration": 9821,
              "state": "passed",
              "speed": "medium",
              "pass": true,
              "fail": false,
              "pending": false,
              "context": null,
              "code": "const state = window.testState;\nreturn cy\n  .then(() => state.onStartScenario(scenario, indexedSteps))\n  .then(() =>\n    resolveAndRunBeforeHooks.call(this, scenario.tags, state.feature.name)\n  )\n  .then(() =>\n    indexedSteps.forEach((step) =>\n      stepTest.call(this, state, step, rowData)\n    )\n  )\n  .then(() => state.onFinishScenario(scenario));",
              "err": {},
              "uuid": "59470ae5-226b-451e-b868-19503becf451",
              "parentUUID": "85b6aa97-830c-4c79-9ca9-d95ff73a0b65",
              "isHook": false,
              "skipped": false
            }
          ],
          "suites": [],
          "passes": [
            "e0c85fdc-bf88-459c-8ea6-0508da13ba1a",
            "59470ae5-226b-451e-b868-19503becf451"
          ],
          "failures": [],
          "pending": [],
          "skipped": [],
          "duration": 17092,
          "root": false,
          "rootEmpty": false,
          "_timeout": 2000
        }
      ],
      "passes": [],
      "failures": [],
      "pending": [],
      "skipped": [],
      "duration": 0,
      "root": true,
      "rootEmpty": true,
      "_timeout": 2000
    }
  ],
  "meta": {
    "mocha": {
      "version": "7.0.1"
    },
    "mochawesome": {
      "options": {
        "quiet": false,
        "reportFilename": "mochawesome",
        "saveHtml": false,
        "saveJson": true,
        "consoleReporter": "spec",
        "useInlineDiffs": false,
        "code": true
      },
      "version": "7.1.3"
    },
    "marge": {
      "options": {
        "html": false,
        "json": true,
        "reportDir": "report",
        "overwrite": false
      },
      "version": "6.2.0"
    }
  }
}