{
  "stats": {
    "suites": 1,
    "tests": 4,
    "passes": 4,
    "pending": 0,
    "failures": 0,
    "start": "2023-01-18T10:10:26.331Z",
    "end": "2023-01-18T10:11:07.824Z",
    "duration": 41493,
    "testsRegistered": 4,
    "passPercent": 100,
    "pendingPercent": 0,
    "other": 0,
    "hasOther": false,
    "skipped": 0,
    "hasSkipped": false
  },
  "results": [
    {
      "uuid": "d5244e80-f0ee-4b67-b3d3-be75b113bb31",
      "title": "",
      "fullFile": "cypress/e2e/ID0001-ID0004.feature",
      "file": "cypress/e2e/ID0001-ID0004.feature",
      "beforeHooks": [],
      "afterHooks": [],
      "tests": [],
      "suites": [
        {
          "uuid": "9785f78f-785b-4f49-b964-172048b6a58c",
          "title": "Checking navigation menu",
          "fullFile": "",
          "file": "",
          "beforeHooks": [],
          "afterHooks": [],
          "tests": [
            {
              "title": "ID_0001 Checking \"Pricing\" menu items on the navmenu.",
              "fullTitle": "Checking navigation menu ID_0001 Checking \"Pricing\" menu items on the navmenu.",
              "timedOut": null,
              "duration": 11583,
              "state": "passed",
              "speed": "slow",
              "pass": true,
              "fail": false,
              "pending": false,
              "context": null,
              "code": "const state = window.testState;\nreturn cy\n  .then(() => state.onStartScenario(scenario, indexedSteps))\n  .then(() =>\n    resolveAndRunBeforeHooks.call(this, scenario.tags, state.feature.name)\n  )\n  .then(() =>\n    indexedSteps.forEach((step) =>\n      stepTest.call(this, state, step, rowData)\n    )\n  )\n  .then(() => state.onFinishScenario(scenario));",
              "err": {},
              "uuid": "c55d0798-6b97-4a2d-baf9-8cddaeb5a8bc",
              "parentUUID": "9785f78f-785b-4f49-b964-172048b6a58c",
              "isHook": false,
              "skipped": false
            },
            {
              "title": "ID_0002 Checking \"Company\" menu items on the navmenu.",
              "fullTitle": "Checking navigation menu ID_0002 Checking \"Company\" menu items on the navmenu.",
              "timedOut": null,
              "duration": 9400,
              "state": "passed",
              "speed": "medium",
              "pass": true,
              "fail": false,
              "pending": false,
              "context": null,
              "code": "const state = window.testState;\nreturn cy\n  .then(() => state.onStartScenario(scenario, indexedSteps))\n  .then(() =>\n    resolveAndRunBeforeHooks.call(this, scenario.tags, state.feature.name)\n  )\n  .then(() =>\n    indexedSteps.forEach((step) =>\n      stepTest.call(this, state, step, rowData)\n    )\n  )\n  .then(() => state.onFinishScenario(scenario));",
              "err": {},
              "uuid": "a64c4363-73c9-4b07-88ef-2e73bf9f391e",
              "parentUUID": "9785f78f-785b-4f49-b964-172048b6a58c",
              "isHook": false,
              "skipped": false
            },
            {
              "title": "ID_0003 Checking \"Resources\" menu items on the navmenu.",
              "fullTitle": "Checking navigation menu ID_0003 Checking \"Resources\" menu items on the navmenu.",
              "timedOut": null,
              "duration": 11725,
              "state": "passed",
              "speed": "slow",
              "pass": true,
              "fail": false,
              "pending": false,
              "context": null,
              "code": "const state = window.testState;\nreturn cy\n  .then(() => state.onStartScenario(scenario, indexedSteps))\n  .then(() =>\n    resolveAndRunBeforeHooks.call(this, scenario.tags, state.feature.name)\n  )\n  .then(() =>\n    indexedSteps.forEach((step) =>\n      stepTest.call(this, state, step, rowData)\n    )\n  )\n  .then(() => state.onFinishScenario(scenario));",
              "err": {},
              "uuid": "71f1572c-56c2-4bc5-b0e2-581907087038",
              "parentUUID": "9785f78f-785b-4f49-b964-172048b6a58c",
              "isHook": false,
              "skipped": false
            },
            {
              "title": "ID_0004 Checking \"Solutions\" menu items on the navmenu.",
              "fullTitle": "Checking navigation menu ID_0004 Checking \"Solutions\" menu items on the navmenu.",
              "timedOut": null,
              "duration": 5345,
              "state": "passed",
              "speed": "medium",
              "pass": true,
              "fail": false,
              "pending": false,
              "context": null,
              "code": "const state = window.testState;\nreturn cy\n  .then(() => state.onStartScenario(scenario, indexedSteps))\n  .then(() =>\n    resolveAndRunBeforeHooks.call(this, scenario.tags, state.feature.name)\n  )\n  .then(() =>\n    indexedSteps.forEach((step) =>\n      stepTest.call(this, state, step, rowData)\n    )\n  )\n  .then(() => state.onFinishScenario(scenario));",
              "err": {},
              "uuid": "a34e9e9d-6801-4fdf-99df-b4507d9bcfe0",
              "parentUUID": "9785f78f-785b-4f49-b964-172048b6a58c",
              "isHook": false,
              "skipped": false
            }
          ],
          "suites": [],
          "passes": [
            "c55d0798-6b97-4a2d-baf9-8cddaeb5a8bc",
            "a64c4363-73c9-4b07-88ef-2e73bf9f391e",
            "71f1572c-56c2-4bc5-b0e2-581907087038",
            "a34e9e9d-6801-4fdf-99df-b4507d9bcfe0"
          ],
          "failures": [],
          "pending": [],
          "skipped": [],
          "duration": 38053,
          "root": false,
          "rootEmpty": false,
          "_timeout": 2000
        }
      ],
      "passes": [],
      "failures": [],
      "pending": [],
      "skipped": [],
      "duration": 0,
      "root": true,
      "rootEmpty": true,
      "_timeout": 2000
    }
  ],
  "meta": {
    "mocha": {
      "version": "7.0.1"
    },
    "mochawesome": {
      "options": {
        "quiet": false,
        "reportFilename": "mochawesome",
        "saveHtml": false,
        "saveJson": true,
        "consoleReporter": "spec",
        "useInlineDiffs": false,
        "code": true
      },
      "version": "7.1.3"
    },
    "marge": {
      "options": {
        "html": false,
        "json": true,
        "reportDir": "report",
        "overwrite": false
      },
      "version": "6.2.0"
    }
  }
}