{
  "stats": {
    "suites": 1,
    "tests": 1,
    "passes": 0,
    "pending": 0,
    "failures": 1,
    "start": "2023-01-18T10:02:22.022Z",
    "end": "2023-01-18T10:04:08.378Z",
    "duration": 106356,
    "testsRegistered": 1,
    "passPercent": 0,
    "pendingPercent": 0,
    "other": 0,
    "hasOther": false,
    "skipped": 0,
    "hasSkipped": false
  },
  "results": [
    {
      "uuid": "dc2f0cfc-bcbe-4810-a6f4-f763330c3962",
      "title": "",
      "fullFile": "cypress/e2e/ID0012.feature",
      "file": "cypress/e2e/ID0012.feature",
      "beforeHooks": [],
      "afterHooks": [],
      "tests": [],
      "suites": [
        {
          "uuid": "92b6374f-2007-4059-aa56-d8dc88a30046",
          "title": "Сhecking banner calculator.",
          "fullFile": "",
          "file": "",
          "beforeHooks": [],
          "afterHooks": [],
          "tests": [
            {
              "title": "ID_0012 Checking correct work calculator banner after changing slider-handle.",
              "fullTitle": "Сhecking banner calculator. ID_0012 Checking correct work calculator banner after changing slider-handle.",
              "timedOut": null,
              "duration": 103271,
              "state": "failed",
              "speed": null,
              "pass": false,
              "fail": true,
              "pending": false,
              "context": null,
              "code": "const state = window.testState;\nreturn cy\n  .then(() => state.onStartScenario(scenario, indexedSteps))\n  .then(() =>\n    resolveAndRunBeforeHooks.call(this, scenario.tags, state.feature.name)\n  )\n  .then(() =>\n    indexedSteps.forEach((step) =>\n      stepTest.call(this, state, step, rowData)\n    )\n  )\n  .then(() => state.onFinishScenario(scenario));",
              "err": {
                "message": "AssertionError: Timed out retrying after 100000ms: Expected to find element: `div:nth-child(4) > div.telnyx-slider > div > div.ant-slider-handle`, but never found it.",
                "estack": "AssertionError: Timed out retrying after 100000ms: Expected to find element: `div:nth-child(4) > div.telnyx-slider > div > div.ant-slider-handle`, but never found it.\n    at Function.switchSlider (cypress/e2e/ID0012/ID0012Page.cy.js:26:11)\n    at Context.eval (cypress/e2e/ID0012/ID0012Steps.cy.js:13:14)\n    at Context.resolveAndRunStepDefinition (node_modules/cypress-cucumber-preprocessor/lib/resolveStepDefinition.js:193:0)\n    at Context.eval (node_modules/cypress-cucumber-preprocessor/lib/createTestFromScenario.js:27:0)",
                "diff": null
              },
              "uuid": "91ef52d5-ad03-407e-8db1-61898cd39741",
              "parentUUID": "92b6374f-2007-4059-aa56-d8dc88a30046",
              "isHook": false,
              "skipped": false
            }
          ],
          "suites": [],
          "passes": [],
          "failures": [
            "91ef52d5-ad03-407e-8db1-61898cd39741"
          ],
          "pending": [],
          "skipped": [],
          "duration": 103271,
          "root": false,
          "rootEmpty": false,
          "_timeout": 2000
        }
      ],
      "passes": [],
      "failures": [],
      "pending": [],
      "skipped": [],
      "duration": 0,
      "root": true,
      "rootEmpty": true,
      "_timeout": 2000
    }
  ],
  "meta": {
    "mocha": {
      "version": "7.0.1"
    },
    "mochawesome": {
      "options": {
        "quiet": false,
        "reportFilename": "mochawesome",
        "saveHtml": false,
        "saveJson": true,
        "consoleReporter": "spec",
        "useInlineDiffs": false,
        "code": true
      },
      "version": "7.1.3"
    },
    "marge": {
      "options": {
        "html": false,
        "json": true,
        "reportDir": "report",
        "overwrite": false
      },
      "version": "6.2.0"
    }
  }
}