{
  "stats": {
    "suites": 1,
    "tests": 1,
    "passes": 0,
    "pending": 0,
    "failures": 1,
    "start": "2023-01-27T12:35:21.854Z",
    "end": "2023-01-27T12:37:06.338Z",
    "duration": 104484,
    "testsRegistered": 1,
    "passPercent": 0,
    "pendingPercent": 0,
    "other": 0,
    "hasOther": false,
    "skipped": 0,
    "hasSkipped": false
  },
  "results": [
    {
      "uuid": "0ae88f9f-4ecc-4be7-aafb-bf2f3d66ae56",
      "title": "",
      "fullFile": "cypress/e2e/ID0012.feature",
      "file": "cypress/e2e/ID0012.feature",
      "beforeHooks": [],
      "afterHooks": [],
      "tests": [],
      "suites": [
        {
          "uuid": "aab1a0e9-aa84-4c8f-b109-078e7d067d3d",
          "title": "Сheck banner calculator.",
          "fullFile": "",
          "file": "",
          "beforeHooks": [],
          "afterHooks": [],
          "tests": [
            {
              "title": "ID_0012 Check correct work calculator banner after changing slider-handle.",
              "fullTitle": "Сheck banner calculator. ID_0012 Check correct work calculator banner after changing slider-handle.",
              "timedOut": null,
              "duration": 101983,
              "state": "failed",
              "speed": null,
              "pass": false,
              "fail": true,
              "pending": false,
              "context": null,
              "code": "const state = window.testState;\nreturn cy\n  .then(() => state.onStartScenario(scenario, indexedSteps))\n  .then(() =>\n    resolveAndRunBeforeHooks.call(this, scenario.tags, state.feature.name)\n  )\n  .then(() =>\n    indexedSteps.forEach((step) =>\n      stepTest.call(this, state, step, rowData)\n    )\n  )\n  .then(() => state.onFinishScenario(scenario));",
              "err": {
                "message": "AssertionError: Timed out retrying after 100000ms: Expected to find element: `div:nth-child(4) > div.telnyx-slider > div > div.ant-slider-handle`, but never found it.",
                "estack": "AssertionError: Timed out retrying after 100000ms: Expected to find element: `div:nth-child(4) > div.telnyx-slider > div > div.ant-slider-handle`, but never found it.\n    at Function.switchSlider (cypress/e2e/PagesObject/CalculatorBannerPage.cy.js:19:11)\n    at Context.eval (cypress/e2e/ID0012/ID0012Steps.cy.js:19:14)\n    at Context.resolveAndRunStepDefinition (node_modules/cypress-cucumber-preprocessor/lib/resolveStepDefinition.js:193:0)\n    at Context.eval (node_modules/cypress-cucumber-preprocessor/lib/createTestFromScenario.js:27:0)",
                "diff": null
              },
              "uuid": "4cd75da7-032c-4416-b249-a09d7a2216e6",
              "parentUUID": "aab1a0e9-aa84-4c8f-b109-078e7d067d3d",
              "isHook": false,
              "skipped": false
            }
          ],
          "suites": [],
          "passes": [],
          "failures": [
            "4cd75da7-032c-4416-b249-a09d7a2216e6"
          ],
          "pending": [],
          "skipped": [],
          "duration": 101983,
          "root": false,
          "rootEmpty": false,
          "_timeout": 2000
        }
      ],
      "passes": [],
      "failures": [],
      "pending": [],
      "skipped": [],
      "duration": 0,
      "root": true,
      "rootEmpty": true,
      "_timeout": 2000
    }
  ],
  "meta": {
    "mocha": {
      "version": "7.0.1"
    },
    "mochawesome": {
      "options": {
        "quiet": false,
        "reportFilename": "mochawesome",
        "saveHtml": false,
        "saveJson": true,
        "consoleReporter": "spec",
        "useInlineDiffs": false,
        "code": true
      },
      "version": "7.1.3"
    },
    "marge": {
      "options": {
        "html": false,
        "json": true,
        "reportDir": "report",
        "overwrite": false
      },
      "version": "6.2.0"
    }
  }
}