{
  "stats": {
    "suites": 1,
    "tests": 6,
    "passes": 6,
    "pending": 0,
    "failures": 0,
    "start": "2023-01-18T10:01:39.904Z",
    "end": "2023-01-18T10:02:17.120Z",
    "duration": 37216,
    "testsRegistered": 6,
    "passPercent": 100,
    "pendingPercent": 0,
    "other": 0,
    "hasOther": false,
    "skipped": 0,
    "hasSkipped": false
  },
  "results": [
    {
      "uuid": "aac3abfb-e7f1-464d-93e7-7c6e70e36fd8",
      "title": "",
      "fullFile": "cypress/e2e/ID0006-ID0011.feature",
      "file": "cypress/e2e/ID0006-ID0011.feature",
      "beforeHooks": [],
      "afterHooks": [],
      "tests": [],
      "suites": [
        {
          "uuid": "43105093-ac73-4a23-8839-22f666811640",
          "title": "Checking \"Resources\" menu",
          "fullFile": "",
          "file": "",
          "beforeHooks": [],
          "afterHooks": [],
          "tests": [
            {
              "title": "ID_0006 Verify the search option on the \"Blog\" page with valid data.",
              "fullTitle": "Checking \"Resources\" menu ID_0006 Verify the search option on the \"Blog\" page with valid data.",
              "timedOut": null,
              "duration": 5296,
              "state": "passed",
              "speed": "medium",
              "pass": true,
              "fail": false,
              "pending": false,
              "context": null,
              "code": "const state = window.testState;\nreturn cy\n  .then(() => state.onStartScenario(scenario, indexedSteps))\n  .then(() =>\n    resolveAndRunBeforeHooks.call(this, scenario.tags, state.feature.name)\n  )\n  .then(() =>\n    indexedSteps.forEach((step) =>\n      stepTest.call(this, state, step, rowData)\n    )\n  )\n  .then(() => state.onFinishScenario(scenario));",
              "err": {},
              "uuid": "43a77b9e-e047-4f64-be78-0c3bfda43ff6",
              "parentUUID": "43105093-ac73-4a23-8839-22f666811640",
              "isHook": false,
              "skipped": false
            },
            {
              "title": "ID_0007 Verify the search option on the \"Blog\" page with invalid data.",
              "fullTitle": "Checking \"Resources\" menu ID_0007 Verify the search option on the \"Blog\" page with invalid data.",
              "timedOut": null,
              "duration": 5281,
              "state": "passed",
              "speed": "medium",
              "pass": true,
              "fail": false,
              "pending": false,
              "context": null,
              "code": "const state = window.testState;\nreturn cy\n  .then(() => state.onStartScenario(scenario, indexedSteps))\n  .then(() =>\n    resolveAndRunBeforeHooks.call(this, scenario.tags, state.feature.name)\n  )\n  .then(() =>\n    indexedSteps.forEach((step) =>\n      stepTest.call(this, state, step, rowData)\n    )\n  )\n  .then(() => state.onFinishScenario(scenario));",
              "err": {},
              "uuid": "ee1d5a4f-f0a4-4962-b396-9f8d55dfeed0",
              "parentUUID": "43105093-ac73-4a23-8839-22f666811640",
              "isHook": false,
              "skipped": false
            },
            {
              "title": "ID_0008 Checking subscription option on the \"Blog\" page with valid email.",
              "fullTitle": "Checking \"Resources\" menu ID_0008 Checking subscription option on the \"Blog\" page with valid email.",
              "timedOut": null,
              "duration": 4734,
              "state": "passed",
              "speed": "fast",
              "pass": true,
              "fail": false,
              "pending": false,
              "context": null,
              "code": "const state = window.testState;\nreturn cy\n  .then(() => state.onStartScenario(scenario, indexedSteps))\n  .then(() =>\n    resolveAndRunBeforeHooks.call(this, scenario.tags, state.feature.name)\n  )\n  .then(() =>\n    indexedSteps.forEach((step) =>\n      stepTest.call(this, state, step, rowData)\n    )\n  )\n  .then(() => state.onFinishScenario(scenario));",
              "err": {},
              "uuid": "6df99b7c-51fd-41e3-b437-ea26ad96707c",
              "parentUUID": "43105093-ac73-4a23-8839-22f666811640",
              "isHook": false,
              "skipped": false
            },
            {
              "title": "ID_0009 Checking subscription option on the \"Blog\" page with invalid email.",
              "fullTitle": "Checking \"Resources\" menu ID_0009 Checking subscription option on the \"Blog\" page with invalid email.",
              "timedOut": null,
              "duration": 4780,
              "state": "passed",
              "speed": "fast",
              "pass": true,
              "fail": false,
              "pending": false,
              "context": null,
              "code": "const state = window.testState;\nreturn cy\n  .then(() => state.onStartScenario(scenario, indexedSteps))\n  .then(() =>\n    resolveAndRunBeforeHooks.call(this, scenario.tags, state.feature.name)\n  )\n  .then(() =>\n    indexedSteps.forEach((step) =>\n      stepTest.call(this, state, step, rowData)\n    )\n  )\n  .then(() => state.onFinishScenario(scenario));",
              "err": {},
              "uuid": "42aaf15e-cb21-477d-85d7-f0db9acbc857",
              "parentUUID": "43105093-ac73-4a23-8839-22f666811640",
              "isHook": false,
              "skipped": false
            },
            {
              "title": "ID_00010 Checking getting eBook on the \"Blog\" page.",
              "fullTitle": "Checking \"Resources\" menu ID_00010 Checking getting eBook on the \"Blog\" page.",
              "timedOut": null,
              "duration": 9158,
              "state": "passed",
              "speed": "medium",
              "pass": true,
              "fail": false,
              "pending": false,
              "context": null,
              "code": "const state = window.testState;\nreturn cy\n  .then(() => state.onStartScenario(scenario, indexedSteps))\n  .then(() =>\n    resolveAndRunBeforeHooks.call(this, scenario.tags, state.feature.name)\n  )\n  .then(() =>\n    indexedSteps.forEach((step) =>\n      stepTest.call(this, state, step, rowData)\n    )\n  )\n  .then(() => state.onFinishScenario(scenario));",
              "err": {},
              "uuid": "b14f79c8-d6e7-4bde-9f33-18f2b7581e8a",
              "parentUUID": "43105093-ac73-4a23-8839-22f666811640",
              "isHook": false,
              "skipped": false
            },
            {
              "title": "ID_00011 Checking \"Live chat\" form on the Telnyx Developers page.",
              "fullTitle": "Checking \"Resources\" menu ID_00011 Checking \"Live chat\" form on the Telnyx Developers page.",
              "timedOut": null,
              "duration": 4311,
              "state": "passed",
              "speed": "fast",
              "pass": true,
              "fail": false,
              "pending": false,
              "context": null,
              "code": "const state = window.testState;\nreturn cy\n  .then(() => state.onStartScenario(scenario, indexedSteps))\n  .then(() =>\n    resolveAndRunBeforeHooks.call(this, scenario.tags, state.feature.name)\n  )\n  .then(() =>\n    indexedSteps.forEach((step) =>\n      stepTest.call(this, state, step, rowData)\n    )\n  )\n  .then(() => state.onFinishScenario(scenario));",
              "err": {},
              "uuid": "0d6888a1-591a-4259-879c-afccd594b0a8",
              "parentUUID": "43105093-ac73-4a23-8839-22f666811640",
              "isHook": false,
              "skipped": false
            }
          ],
          "suites": [],
          "passes": [
            "43a77b9e-e047-4f64-be78-0c3bfda43ff6",
            "ee1d5a4f-f0a4-4962-b396-9f8d55dfeed0",
            "6df99b7c-51fd-41e3-b437-ea26ad96707c",
            "42aaf15e-cb21-477d-85d7-f0db9acbc857",
            "b14f79c8-d6e7-4bde-9f33-18f2b7581e8a",
            "0d6888a1-591a-4259-879c-afccd594b0a8"
          ],
          "failures": [],
          "pending": [],
          "skipped": [],
          "duration": 33560,
          "root": false,
          "rootEmpty": false,
          "_timeout": 2000
        }
      ],
      "passes": [],
      "failures": [],
      "pending": [],
      "skipped": [],
      "duration": 0,
      "root": true,
      "rootEmpty": true,
      "_timeout": 2000
    }
  ],
  "meta": {
    "mocha": {
      "version": "7.0.1"
    },
    "mochawesome": {
      "options": {
        "quiet": false,
        "reportFilename": "mochawesome",
        "saveHtml": false,
        "saveJson": true,
        "consoleReporter": "spec",
        "useInlineDiffs": false,
        "code": true
      },
      "version": "7.1.3"
    },
    "marge": {
      "options": {
        "html": false,
        "json": true,
        "reportDir": "report",
        "overwrite": false
      },
      "version": "6.2.0"
    }
  }
}