{
  "stats": {
    "suites": 1,
    "tests": 1,
    "passes": 1,
    "pending": 0,
    "failures": 0,
    "start": "2023-01-27T12:55:18.293Z",
    "end": "2023-01-27T12:55:24.310Z",
    "duration": 6017,
    "testsRegistered": 1,
    "passPercent": 100,
    "pendingPercent": 0,
    "other": 0,
    "hasOther": false,
    "skipped": 0,
    "hasSkipped": false
  },
  "results": [
    {
      "uuid": "6a63e1f0-ec20-437e-9f4b-db3164afea87",
      "title": "",
      "fullFile": "cypress/e2e/ID0011.feature",
      "file": "cypress/e2e/ID0011.feature",
      "beforeHooks": [],
      "afterHooks": [],
      "tests": [],
      "suites": [
        {
          "uuid": "70aa43bd-09b4-45f6-b4ba-a10b1a7f98c9",
          "title": "Check \"Live chat\" form",
          "fullFile": "",
          "file": "",
          "beforeHooks": [],
          "afterHooks": [],
          "tests": [
            {
              "title": "ID_00011 Check \"Live chat\" form on the Telnyx Developers page.",
              "fullTitle": "Check \"Live chat\" form ID_00011 Check \"Live chat\" form on the Telnyx Developers page.",
              "timedOut": null,
              "duration": 3724,
              "state": "passed",
              "speed": "fast",
              "pass": true,
              "fail": false,
              "pending": false,
              "context": null,
              "code": "const state = window.testState;\nreturn cy\n  .then(() => state.onStartScenario(scenario, indexedSteps))\n  .then(() =>\n    resolveAndRunBeforeHooks.call(this, scenario.tags, state.feature.name)\n  )\n  .then(() =>\n    indexedSteps.forEach((step) =>\n      stepTest.call(this, state, step, rowData)\n    )\n  )\n  .then(() => state.onFinishScenario(scenario));",
              "err": {},
              "uuid": "81054b00-2e57-4802-a2d5-f4e98094f39e",
              "parentUUID": "70aa43bd-09b4-45f6-b4ba-a10b1a7f98c9",
              "isHook": false,
              "skipped": false
            }
          ],
          "suites": [],
          "passes": [
            "81054b00-2e57-4802-a2d5-f4e98094f39e"
          ],
          "failures": [],
          "pending": [],
          "skipped": [],
          "duration": 3724,
          "root": false,
          "rootEmpty": false,
          "_timeout": 2000
        }
      ],
      "passes": [],
      "failures": [],
      "pending": [],
      "skipped": [],
      "duration": 0,
      "root": true,
      "rootEmpty": true,
      "_timeout": 2000
    }
  ],
  "meta": {
    "mocha": {
      "version": "7.0.1"
    },
    "mochawesome": {
      "options": {
        "quiet": false,
        "reportFilename": "mochawesome",
        "saveHtml": false,
        "saveJson": true,
        "consoleReporter": "spec",
        "useInlineDiffs": false,
        "code": true
      },
      "version": "7.1.3"
    },
    "marge": {
      "options": {
        "html": false,
        "json": true,
        "reportDir": "report",
        "overwrite": false
      },
      "version": "6.2.0"
    }
  }
}