{
  "stats": {
    "suites": 1,
    "tests": 1,
    "passes": 1,
    "pending": 0,
    "failures": 0,
    "start": "2023-01-27T13:06:01.980Z",
    "end": "2023-01-27T13:08:07.297Z",
    "duration": 125317,
    "testsRegistered": 1,
    "passPercent": 100,
    "pendingPercent": 0,
    "other": 0,
    "hasOther": false,
    "skipped": 0,
    "hasSkipped": false
  },
  "results": [
    {
      "uuid": "d53e04e9-34bd-4fa6-a47a-082f84b4df63",
      "title": "",
      "fullFile": "cypress/e2e/ID0005.feature",
      "file": "cypress/e2e/ID0005.feature",
      "beforeHooks": [],
      "afterHooks": [],
      "tests": [],
      "suites": [
        {
          "uuid": "61d3b707-2821-40f2-9147-7cd86df41120",
          "title": "Check links on the footer.",
          "fullFile": "",
          "file": "",
          "beforeHooks": [],
          "afterHooks": [],
          "tests": [
            {
              "title": "ID_0005 All links on the footer should be clickable.",
              "fullTitle": "Check links on the footer. ID_0005 All links on the footer should be clickable.",
              "timedOut": null,
              "duration": 121760,
              "state": "passed",
              "speed": "slow",
              "pass": true,
              "fail": false,
              "pending": false,
              "context": null,
              "code": "const state = window.testState;\nreturn cy\n  .then(() => state.onStartScenario(scenario, indexedSteps))\n  .then(() =>\n    resolveAndRunBeforeHooks.call(this, scenario.tags, state.feature.name)\n  )\n  .then(() =>\n    indexedSteps.forEach((step) =>\n      stepTest.call(this, state, step, rowData)\n    )\n  )\n  .then(() => state.onFinishScenario(scenario));",
              "err": {},
              "uuid": "0829a546-c12b-451e-af03-c215a6541fa1",
              "parentUUID": "61d3b707-2821-40f2-9147-7cd86df41120",
              "isHook": false,
              "skipped": false
            }
          ],
          "suites": [],
          "passes": [
            "0829a546-c12b-451e-af03-c215a6541fa1"
          ],
          "failures": [],
          "pending": [],
          "skipped": [],
          "duration": 121760,
          "root": false,
          "rootEmpty": false,
          "_timeout": 2000
        }
      ],
      "passes": [],
      "failures": [],
      "pending": [],
      "skipped": [],
      "duration": 0,
      "root": true,
      "rootEmpty": true,
      "_timeout": 2000
    }
  ],
  "meta": {
    "mocha": {
      "version": "7.0.1"
    },
    "mochawesome": {
      "options": {
        "quiet": false,
        "reportFilename": "mochawesome",
        "saveHtml": false,
        "saveJson": true,
        "consoleReporter": "spec",
        "useInlineDiffs": false,
        "code": true
      },
      "version": "7.1.3"
    },
    "marge": {
      "options": {
        "html": false,
        "json": true,
        "reportDir": "report",
        "overwrite": false
      },
      "version": "6.2.0"
    }
  }
}