{
  "stats": {
    "suites": 1,
    "tests": 5,
    "passes": 5,
    "pending": 0,
    "failures": 0,
    "start": "2023-01-27T12:34:41.200Z",
    "end": "2023-01-27T12:35:07.351Z",
    "duration": 26151,
    "testsRegistered": 5,
    "passPercent": 100,
    "pendingPercent": 0,
    "other": 0,
    "hasOther": false,
    "skipped": 0,
    "hasSkipped": false
  },
  "results": [
    {
      "uuid": "07463425-f4fb-497a-b0fa-c0bb6c443f13",
      "title": "",
      "fullFile": "cypress/e2e/ID0006-ID0010.feature",
      "file": "cypress/e2e/ID0006-ID0010.feature",
      "beforeHooks": [],
      "afterHooks": [],
      "tests": [],
      "suites": [
        {
          "uuid": "7ec92390-566f-44e1-b4fb-2fb7e5c3636b",
          "title": "Check \"Blog\" page",
          "fullFile": "",
          "file": "",
          "beforeHooks": [],
          "afterHooks": [],
          "tests": [
            {
              "title": "ID_0006 Verify the search option on the \"Blog\" page with valid data.",
              "fullTitle": "Check \"Blog\" page ID_0006 Verify the search option on the \"Blog\" page with valid data.",
              "timedOut": null,
              "duration": 5978,
              "state": "passed",
              "speed": "medium",
              "pass": true,
              "fail": false,
              "pending": false,
              "context": null,
              "code": "const state = window.testState;\nreturn cy\n  .then(() => state.onStartScenario(scenario, indexedSteps))\n  .then(() =>\n    resolveAndRunBeforeHooks.call(this, scenario.tags, state.feature.name)\n  )\n  .then(() =>\n    indexedSteps.forEach((step) =>\n      stepTest.call(this, state, step, rowData)\n    )\n  )\n  .then(() => state.onFinishScenario(scenario));",
              "err": {},
              "uuid": "69719bc9-e1a6-4f50-ab08-b99cdc98dc7d",
              "parentUUID": "7ec92390-566f-44e1-b4fb-2fb7e5c3636b",
              "isHook": false,
              "skipped": false
            },
            {
              "title": "ID_0007 Verify the search option on the \"Blog\" page with invalid data.",
              "fullTitle": "Check \"Blog\" page ID_0007 Verify the search option on the \"Blog\" page with invalid data.",
              "timedOut": null,
              "duration": 5108,
              "state": "passed",
              "speed": "medium",
              "pass": true,
              "fail": false,
              "pending": false,
              "context": null,
              "code": "const state = window.testState;\nreturn cy\n  .then(() => state.onStartScenario(scenario, indexedSteps))\n  .then(() =>\n    resolveAndRunBeforeHooks.call(this, scenario.tags, state.feature.name)\n  )\n  .then(() =>\n    indexedSteps.forEach((step) =>\n      stepTest.call(this, state, step, rowData)\n    )\n  )\n  .then(() => state.onFinishScenario(scenario));",
              "err": {},
              "uuid": "df32055c-0da0-4358-9150-7aad271697be",
              "parentUUID": "7ec92390-566f-44e1-b4fb-2fb7e5c3636b",
              "isHook": false,
              "skipped": false
            },
            {
              "title": "ID_0008 Check subscription option on the \"Blog\" page with valid email.",
              "fullTitle": "Check \"Blog\" page ID_0008 Check subscription option on the \"Blog\" page with valid email.",
              "timedOut": null,
              "duration": 3969,
              "state": "passed",
              "speed": "fast",
              "pass": true,
              "fail": false,
              "pending": false,
              "context": null,
              "code": "const state = window.testState;\nreturn cy\n  .then(() => state.onStartScenario(scenario, indexedSteps))\n  .then(() =>\n    resolveAndRunBeforeHooks.call(this, scenario.tags, state.feature.name)\n  )\n  .then(() =>\n    indexedSteps.forEach((step) =>\n      stepTest.call(this, state, step, rowData)\n    )\n  )\n  .then(() => state.onFinishScenario(scenario));",
              "err": {},
              "uuid": "e2e7618c-41e6-4ff1-a58e-c5960a118d4b",
              "parentUUID": "7ec92390-566f-44e1-b4fb-2fb7e5c3636b",
              "isHook": false,
              "skipped": false
            },
            {
              "title": "ID_0009 Check subscription option on the \"Blog\" page with invalid email.",
              "fullTitle": "Check \"Blog\" page ID_0009 Check subscription option on the \"Blog\" page with invalid email.",
              "timedOut": null,
              "duration": 3300,
              "state": "passed",
              "speed": "fast",
              "pass": true,
              "fail": false,
              "pending": false,
              "context": null,
              "code": "const state = window.testState;\nreturn cy\n  .then(() => state.onStartScenario(scenario, indexedSteps))\n  .then(() =>\n    resolveAndRunBeforeHooks.call(this, scenario.tags, state.feature.name)\n  )\n  .then(() =>\n    indexedSteps.forEach((step) =>\n      stepTest.call(this, state, step, rowData)\n    )\n  )\n  .then(() => state.onFinishScenario(scenario));",
              "err": {},
              "uuid": "838e1da0-d59f-4c65-88c4-41b9528292b7",
              "parentUUID": "7ec92390-566f-44e1-b4fb-2fb7e5c3636b",
              "isHook": false,
              "skipped": false
            },
            {
              "title": "ID_00010 Check getting eBook on the \"Blog\" page.",
              "fullTitle": "Check \"Blog\" page ID_00010 Check getting eBook on the \"Blog\" page.",
              "timedOut": null,
              "duration": 4647,
              "state": "passed",
              "speed": "fast",
              "pass": true,
              "fail": false,
              "pending": false,
              "context": null,
              "code": "const state = window.testState;\nreturn cy\n  .then(() => state.onStartScenario(scenario, indexedSteps))\n  .then(() =>\n    resolveAndRunBeforeHooks.call(this, scenario.tags, state.feature.name)\n  )\n  .then(() =>\n    indexedSteps.forEach((step) =>\n      stepTest.call(this, state, step, rowData)\n    )\n  )\n  .then(() => state.onFinishScenario(scenario));",
              "err": {},
              "uuid": "2bb17974-0c52-4e95-826e-04810c882546",
              "parentUUID": "7ec92390-566f-44e1-b4fb-2fb7e5c3636b",
              "isHook": false,
              "skipped": false
            }
          ],
          "suites": [],
          "passes": [
            "69719bc9-e1a6-4f50-ab08-b99cdc98dc7d",
            "df32055c-0da0-4358-9150-7aad271697be",
            "e2e7618c-41e6-4ff1-a58e-c5960a118d4b",
            "838e1da0-d59f-4c65-88c4-41b9528292b7",
            "2bb17974-0c52-4e95-826e-04810c882546"
          ],
          "failures": [],
          "pending": [],
          "skipped": [],
          "duration": 23002,
          "root": false,
          "rootEmpty": false,
          "_timeout": 2000
        }
      ],
      "passes": [],
      "failures": [],
      "pending": [],
      "skipped": [],
      "duration": 0,
      "root": true,
      "rootEmpty": true,
      "_timeout": 2000
    }
  ],
  "meta": {
    "mocha": {
      "version": "7.0.1"
    },
    "mochawesome": {
      "options": {
        "quiet": false,
        "reportFilename": "mochawesome",
        "saveHtml": false,
        "saveJson": true,
        "consoleReporter": "spec",
        "useInlineDiffs": false,
        "code": true
      },
      "version": "7.1.3"
    },
    "marge": {
      "options": {
        "html": false,
        "json": true,
        "reportDir": "report",
        "overwrite": false
      },
      "version": "6.2.0"
    }
  }
}