{
  "stats": {
    "suites": 1,
    "tests": 2,
    "passes": 2,
    "pending": 0,
    "failures": 0,
    "start": "2023-01-27T12:55:43.152Z",
    "end": "2023-01-27T12:55:57.676Z",
    "duration": 14524,
    "testsRegistered": 2,
    "passPercent": 100,
    "pendingPercent": 0,
    "other": 0,
    "hasOther": false,
    "skipped": 0,
    "hasSkipped": false
  },
  "results": [
    {
      "uuid": "8aa20cb1-a94d-4e72-85a7-3b1d1558d8ad",
      "title": "",
      "fullFile": "cypress/e2e/ID0013-ID0014.feature",
      "file": "cypress/e2e/ID0013-ID0014.feature",
      "beforeHooks": [],
      "afterHooks": [],
      "tests": [],
      "suites": [
        {
          "uuid": "a77d0c43-555e-4c75-b3fc-23743b56d900",
          "title": "Check \"Pricing\" menu",
          "fullFile": "",
          "file": "",
          "beforeHooks": [],
          "afterHooks": [],
          "tests": [
            {
              "title": "ID_0013 Check Voice API Pricing after choosing country.",
              "fullTitle": "Check \"Pricing\" menu ID_0013 Check Voice API Pricing after choosing country.",
              "timedOut": null,
              "duration": 4598,
              "state": "passed",
              "speed": "fast",
              "pass": true,
              "fail": false,
              "pending": false,
              "context": null,
              "code": "const state = window.testState;\nreturn cy\n  .then(() => state.onStartScenario(scenario, indexedSteps))\n  .then(() =>\n    resolveAndRunBeforeHooks.call(this, scenario.tags, state.feature.name)\n  )\n  .then(() =>\n    indexedSteps.forEach((step) =>\n      stepTest.call(this, state, step, rowData)\n    )\n  )\n  .then(() => state.onFinishScenario(scenario));",
              "err": {},
              "uuid": "418e4a1c-ad7a-4d89-bc37-e16fa1c1e1bf",
              "parentUUID": "a77d0c43-555e-4c75-b3fc-23743b56d900",
              "isHook": false,
              "skipped": false
            },
            {
              "title": "ID_0014 Check \"Download SIP Trunking pricing\" form.",
              "fullTitle": "Check \"Pricing\" menu ID_0014 Check \"Download SIP Trunking pricing\" form.",
              "timedOut": null,
              "duration": 7025,
              "state": "passed",
              "speed": "medium",
              "pass": true,
              "fail": false,
              "pending": false,
              "context": null,
              "code": "const state = window.testState;\nreturn cy\n  .then(() => state.onStartScenario(scenario, indexedSteps))\n  .then(() =>\n    resolveAndRunBeforeHooks.call(this, scenario.tags, state.feature.name)\n  )\n  .then(() =>\n    indexedSteps.forEach((step) =>\n      stepTest.call(this, state, step, rowData)\n    )\n  )\n  .then(() => state.onFinishScenario(scenario));",
              "err": {},
              "uuid": "9c59a6d6-0485-4324-b309-0cb0223ca1d7",
              "parentUUID": "a77d0c43-555e-4c75-b3fc-23743b56d900",
              "isHook": false,
              "skipped": false
            }
          ],
          "suites": [],
          "passes": [
            "418e4a1c-ad7a-4d89-bc37-e16fa1c1e1bf",
            "9c59a6d6-0485-4324-b309-0cb0223ca1d7"
          ],
          "failures": [],
          "pending": [],
          "skipped": [],
          "duration": 11623,
          "root": false,
          "rootEmpty": false,
          "_timeout": 2000
        }
      ],
      "passes": [],
      "failures": [],
      "pending": [],
      "skipped": [],
      "duration": 0,
      "root": true,
      "rootEmpty": true,
      "_timeout": 2000
    }
  ],
  "meta": {
    "mocha": {
      "version": "7.0.1"
    },
    "mochawesome": {
      "options": {
        "quiet": false,
        "reportFilename": "mochawesome",
        "saveHtml": false,
        "saveJson": true,
        "consoleReporter": "spec",
        "useInlineDiffs": false,
        "code": true
      },
      "version": "7.1.3"
    },
    "marge": {
      "options": {
        "html": false,
        "json": true,
        "reportDir": "report",
        "overwrite": false
      },
      "version": "6.2.0"
    }
  }
}